TN:
SF:script/DeployCharity.s.sol
FN:9,DeployCharity.run
FNDA:0,DeployCharity.run
DA:10,0
DA:11,0
DA:12,0
DA:13,0
FNF:1
FNH:0
LF:4
LH:0
BRF:0
BRH:0
end_of_record
TN:
SF:src/CharityFund.sol
FN:28,CharityFund.isTimePast
FNDA:0,CharityFund.isTimePast
DA:29,4
FN:32,CharityFund.donate
FNDA:12,CharityFund.donate
DA:33,12
BRDA:33,0,0,1
BRDA:33,0,1,11
DA:34,11
DA:35,11
DA:37,11
BRDA:37,1,0,3
BRDA:37,1,1,11
DA:38,3
FN:42,CharityFund.getTotalDonations
FNDA:6,CharityFund.getTotalDonations
DA:43,6
FN:46,CharityFund.getRemainingAmount
FNDA:1,CharityFund.getRemainingAmount
DA:47,1
FN:50,CharityFund.isFundOpen
FNDA:3,CharityFund.isFundOpen
DA:51,3
FN:54,CharityFund.getCreatedTime
FNDA:2,CharityFund.getCreatedTime
DA:55,2
FN:58,CharityFund.refundDonation
FNDA:6,CharityFund.refundDonation
DA:59,6
BRDA:59,2,0,1
BRDA:59,2,1,5
DA:60,5
BRDA:60,3,0,1
BRDA:60,3,1,4
DA:61,4
BRDA:61,4,0,1
BRDA:61,4,1,3
DA:63,3
DA:64,3
DA:65,3
DA:66,3
BRDA:66,5,0,1
BRDA:66,5,1,2
DA:67,2
FNF:7
FNH:6
LF:18
LH:18
BRF:12
BRH:12
end_of_record
